<?xml version="1.0" encoding="UTF-8"?>
<!-- Generated by org.testng.reporters.JUnitXMLReporter -->
<testsuite ignored="0" hostname="LAPTOP-164KHIDL" failures="1" tests="3" name="Test" time="0.079" errors="0" timestamp="2022-10-04T15:39:27 IST">
  <testcase classname="SampleTestJenkins.LoginTests" name="logindetailswithinvaliedcredintials" time="0.032">
    <failure type="java.lang.AssertionError" message="expected [true] but found [false]">
      <![CDATA[java.lang.AssertionError: expected [true] but found [false]
at SampleTestJenkins.LoginTests.logindetailswithinvaliedcredintials(LoginTests.java:21)
at java.base/java.util.ArrayList.forEach(ArrayList.java:1541)
... Removed 35 stack frames]]>
    </failure>
  </testcase> <!-- logindetailswithinvaliedcredintials -->
  <testcase classname="SampleTestJenkins.LoginTests" name="logindetailswithnovaliedcredintials" time="0.0"/>
  <testcase classname="SampleTestJenkins.LoginTests" name="logindetailswithvaliedcredintials" time="0.0"/>
</testsuite> <!-- Test -->
